<?xml version="1.0" encoding="UTF-8"?>
<!-- Generated by org.testng.reporters.JUnitXMLReporter -->
<testsuite ignored="1" hostname="DESKTOP-CODLMV7" failures="0" tests="7" name="Test" time="206.362" errors="0" timestamp="2022-09-15T16:43:26 IST">
  <testcase classname="com.myecom.testcases.IndexPageTest" name="ClickOnSignIn" time="17.816"/>
  <testcase classname="com.myecom.testcases.IndexPageTest" name="ValdateTiltle" time="0.026"/>
  <testcase classname="com.myecom.testcases.IndexPageTest" name="validateLogo" time="0.172"/>
  <testcase classname="com.myecom.testcases.IndexPageTest" name="validateSearchBoxClick" time="4.545"/>
  <testcase classname="com.myecom.testcases.IndexPageTest" name="validateSearchBoxText" time="0.327"/>
  <testcase classname="com.myecom.testcases.SignInPageTest" name="login" time="11.738"/>
  <testcase classname="com.myecom.testcases.SignInPageTest" name="signUp" time="12.058"/>
  <testcase classname="com.myecom.base.BaseClass" name="@BeforeTest readProp" time="0.0">
    <ignored/>
  </testcase> <!-- @BeforeTest readProp -->
</testsuite> <!-- Test -->
