<?xml version="1.0" encoding="UTF-8"?>
<testng-results ignored="0" total="5" passed="4" failed="1" skipped="0">
  <reporter-output>
  </reporter-output>
  <suite started-at="2022-09-15T23:30:26 IST" name="Default suite" finished-at="2022-09-15T23:31:53 IST" duration-ms="87833">
    <groups>
    </groups>
    <test started-at="2022-09-15T23:30:26 IST" name="Default test" finished-at="2022-09-15T23:31:53 IST" duration-ms="87833">
      <class name="com.myecom.testcases.IndexPageTest">
        <test-method is-config="true" signature="readProp()[pri:0, instance:com.myecom.testcases.IndexPageTest@7d4f9aae]" started-at="2022-09-15T23:30:26 IST" name="readProp" finished-at="2022-09-15T23:30:26 IST" duration-ms="11" status="PASS">
          <reporter-output>
          </reporter-output>
        </test-method> <!-- readProp -->
        <test-method is-config="true" signature="generateExtentReport()[pri:0, instance:com.myecom.testcases.IndexPageTest@7d4f9aae]" started-at="2022-09-15T23:30:26 IST" name="generateExtentReport" finished-at="2022-09-15T23:30:26 IST" depends-on-methods="com.myecom.base.BaseClass.readProp" duration-ms="522" status="PASS">
          <reporter-output>
          </reporter-output>
        </test-method> <!-- generateExtentReport -->
        <test-method is-config="true" signature="setUp()[pri:0, instance:com.myecom.testcases.IndexPageTest@7d4f9aae]" started-at="2022-09-15T23:30:26 IST" name="setUp" finished-at="2022-09-15T23:30:40 IST" duration-ms="13642" status="PASS">
          <reporter-output>
          </reporter-output>
        </test-method> <!-- setUp -->
        <test-method signature="ClickOnSignIn()[pri:0, instance:com.myecom.testcases.IndexPageTest@7d4f9aae]" started-at="2022-09-15T23:30:40 IST" name="ClickOnSignIn" finished-at="2022-09-15T23:30:44 IST" duration-ms="3969" status="PASS">
          <reporter-output>
          </reporter-output>
        </test-method> <!-- ClickOnSignIn -->
        <test-method is-config="true" signature="tearDown(org.testng.ITestResult)[pri:0, instance:com.myecom.testcases.IndexPageTest@7d4f9aae]" started-at="2022-09-15T23:30:44 IST" name="tearDown" finished-at="2022-09-15T23:30:44 IST" duration-ms="357" status="PASS">
          <params>
            <param index="0">
              <value>
                <![CDATA[[TestResult name=ClickOnSignIn status=SUCCESS method=IndexPageTest.ClickOnSignIn()[pri:0, instance:com.myecom.testcases.IndexPageTest@7d4f9aae] output={null}]]]>
              </value>
            </param>
          </params>
          <reporter-output>
          </reporter-output>
        </test-method> <!-- tearDown -->
        <test-method is-config="true" signature="setUp()[pri:0, instance:com.myecom.testcases.IndexPageTest@7d4f9aae]" started-at="2022-09-15T23:30:44 IST" name="setUp" finished-at="2022-09-15T23:30:54 IST" duration-ms="9732" status="PASS">
          <reporter-output>
          </reporter-output>
        </test-method> <!-- setUp -->
        <test-method signature="ValdateTiltle()[pri:0, instance:com.myecom.testcases.IndexPageTest@7d4f9aae]" started-at="2022-09-15T23:30:54 IST" name="ValdateTiltle" finished-at="2022-09-15T23:30:54 IST" duration-ms="16" status="PASS">
          <reporter-output>
          </reporter-output>
        </test-method> <!-- ValdateTiltle -->
        <test-method is-config="true" signature="tearDown(org.testng.ITestResult)[pri:0, instance:com.myecom.testcases.IndexPageTest@7d4f9aae]" started-at="2022-09-15T23:30:54 IST" name="tearDown" finished-at="2022-09-15T23:30:54 IST" duration-ms="244" status="PASS">
          <params>
            <param index="0">
              <value>
                <![CDATA[[TestResult name=ValdateTiltle status=SUCCESS method=IndexPageTest.ValdateTiltle()[pri:0, instance:com.myecom.testcases.IndexPageTest@7d4f9aae] output={null}]]]>
              </value>
            </param>
          </params>
          <reporter-output>
          </reporter-output>
        </test-method> <!-- tearDown -->
        <test-method is-config="true" signature="setUp()[pri:0, instance:com.myecom.testcases.IndexPageTest@7d4f9aae]" started-at="2022-09-15T23:30:54 IST" name="setUp" finished-at="2022-09-15T23:31:10 IST" duration-ms="15316" status="PASS">
          <reporter-output>
          </reporter-output>
        </test-method> <!-- setUp -->
        <test-method signature="validateLogo()[pri:0, instance:com.myecom.testcases.IndexPageTest@7d4f9aae]" started-at="2022-09-15T23:31:10 IST" name="validateLogo" finished-at="2022-09-15T23:31:10 IST" duration-ms="89" status="PASS">
          <reporter-output>
          </reporter-output>
        </test-method> <!-- validateLogo -->
        <test-method is-config="true" signature="tearDown(org.testng.ITestResult)[pri:0, instance:com.myecom.testcases.IndexPageTest@7d4f9aae]" started-at="2022-09-15T23:31:10 IST" name="tearDown" finished-at="2022-09-15T23:31:10 IST" duration-ms="386" status="PASS">
          <params>
            <param index="0">
              <value>
                <![CDATA[[TestResult name=validateLogo status=SUCCESS method=IndexPageTest.validateLogo()[pri:0, instance:com.myecom.testcases.IndexPageTest@7d4f9aae] output={null}]]]>
              </value>
            </param>
          </params>
          <reporter-output>
          </reporter-output>
        </test-method> <!-- tearDown -->
        <test-method is-config="true" signature="setUp()[pri:0, instance:com.myecom.testcases.IndexPageTest@7d4f9aae]" started-at="2022-09-15T23:31:10 IST" name="setUp" finished-at="2022-09-15T23:31:27 IST" duration-ms="16893" status="PASS">
          <reporter-output>
          </reporter-output>
        </test-method> <!-- setUp -->
        <test-method signature="validateSearchBoxClick()[pri:0, instance:com.myecom.testcases.IndexPageTest@7d4f9aae]" started-at="2022-09-15T23:31:27 IST" name="validateSearchBoxClick" finished-at="2022-09-15T23:31:33 IST" duration-ms="5880" status="PASS">
          <reporter-output>
          </reporter-output>
        </test-method> <!-- validateSearchBoxClick -->
        <test-method is-config="true" signature="tearDown(org.testng.ITestResult)[pri:0, instance:com.myecom.testcases.IndexPageTest@7d4f9aae]" started-at="2022-09-15T23:31:33 IST" name="tearDown" finished-at="2022-09-15T23:31:33 IST" duration-ms="315" status="PASS">
          <params>
            <param index="0">
              <value>
                <![CDATA[[TestResult name=validateSearchBoxClick status=SUCCESS method=IndexPageTest.validateSearchBoxClick()[pri:0, instance:com.myecom.testcases.IndexPageTest@7d4f9aae] output={null}]]]>
              </value>
            </param>
          </params>
          <reporter-output>
          </reporter-output>
        </test-method> <!-- tearDown -->
        <test-method is-config="true" signature="setUp()[pri:0, instance:com.myecom.testcases.IndexPageTest@7d4f9aae]" started-at="2022-09-15T23:31:33 IST" name="setUp" finished-at="2022-09-15T23:31:52 IST" duration-ms="18567" status="PASS">
          <reporter-output>
          </reporter-output>
        </test-method> <!-- setUp -->
        <test-method signature="validateSearchBoxText()[pri:0, instance:com.myecom.testcases.IndexPageTest@7d4f9aae]" started-at="2022-09-15T23:31:52 IST" name="validateSearchBoxText" finished-at="2022-09-15T23:31:52 IST" duration-ms="226" status="FAIL">
          <exception class="java.lang.AssertionError">
            <message>
              <![CDATA[expected [t-shi] but found [t-shirt]]]>
            </message>
            <full-stacktrace>
              <![CDATA[java.lang.AssertionError: expected [t-shi] but found [t-shirt]
at org.testng.Assert.fail(Assert.java:99)
at org.testng.Assert.failNotEquals(Assert.java:1037)
at org.testng.Assert.assertEqualsImpl(Assert.java:140)
at org.testng.Assert.assertEquals(Assert.java:122)
at org.testng.Assert.assertEquals(Assert.java:629)
at org.testng.Assert.assertEquals(Assert.java:639)
at com.myecom.testcases.IndexPageTest.validateSearchBoxText(IndexPageTest.java:102)
at java.base/jdk.internal.reflect.NativeMethodAccessorImpl.invoke0(Native Method)
at java.base/jdk.internal.reflect.NativeMethodAccessorImpl.invoke(NativeMethodAccessorImpl.java:62)
at java.base/jdk.internal.reflect.DelegatingMethodAccessorImpl.invoke(DelegatingMethodAccessorImpl.java:43)
at java.base/java.lang.reflect.Method.invoke(Method.java:566)
at org.testng.internal.MethodInvocationHelper.invokeMethod(MethodInvocationHelper.java:133)
at org.testng.internal.TestInvoker.invokeMethod(TestInvoker.java:598)
at org.testng.internal.TestInvoker.invokeTestMethod(TestInvoker.java:173)
at org.testng.internal.MethodRunner.runInSequence(MethodRunner.java:46)
at org.testng.internal.TestInvoker$MethodInvocationAgent.invoke(TestInvoker.java:824)
at org.testng.internal.TestInvoker.invokeTestMethods(TestInvoker.java:146)
at org.testng.internal.TestMethodWorker.invokeTestMethods(TestMethodWorker.java:146)
at org.testng.internal.TestMethodWorker.run(TestMethodWorker.java:128)
at java.base/java.util.ArrayList.forEach(ArrayList.java:1541)
at org.testng.TestRunner.privateRun(TestRunner.java:794)
at org.testng.TestRunner.run(TestRunner.java:596)
at org.testng.SuiteRunner.runTest(SuiteRunner.java:377)
at org.testng.SuiteRunner.runSequentially(SuiteRunner.java:371)
at org.testng.SuiteRunner.privateRun(SuiteRunner.java:332)
at org.testng.SuiteRunner.run(SuiteRunner.java:276)
at org.testng.SuiteRunnerWorker.runSuite(SuiteRunnerWorker.java:53)
at org.testng.SuiteRunnerWorker.run(SuiteRunnerWorker.java:96)
at org.testng.TestNG.runSuitesSequentially(TestNG.java:1212)
at org.testng.TestNG.runSuitesLocally(TestNG.java:1134)
at org.testng.TestNG.runSuites(TestNG.java:1063)
at org.testng.TestNG.run(TestNG.java:1031)
at org.testng.remote.AbstractRemoteTestNG.run(AbstractRemoteTestNG.java:115)
at org.testng.remote.RemoteTestNG.initAndRun(RemoteTestNG.java:251)
at org.testng.remote.RemoteTestNG.main(RemoteTestNG.java:77)
]]>
            </full-stacktrace>
          </exception> <!-- java.lang.AssertionError -->
          <reporter-output>
          </reporter-output>
        </test-method> <!-- validateSearchBoxText -->
        <test-method is-config="true" signature="tearDown(org.testng.ITestResult)[pri:0, instance:com.myecom.testcases.IndexPageTest@7d4f9aae]" started-at="2022-09-15T23:31:52 IST" name="tearDown" finished-at="2022-09-15T23:31:53 IST" duration-ms="877" status="PASS">
          <params>
            <param index="0">
              <value>
                <![CDATA[[TestResult name=validateSearchBoxText status=FAILURE method=IndexPageTest.validateSearchBoxText()[pri:0, instance:com.myecom.testcases.IndexPageTest@7d4f9aae] output={null}]]]>
              </value>
            </param>
          </params>
          <reporter-output>
          </reporter-output>
        </test-method> <!-- tearDown -->
        <test-method is-config="true" signature="flushReport()[pri:0, instance:com.myecom.testcases.IndexPageTest@7d4f9aae]" started-at="2022-09-15T23:31:53 IST" name="flushReport" finished-at="2022-09-15T23:31:53 IST" duration-ms="719" status="PASS">
          <reporter-output>
          </reporter-output>
        </test-method> <!-- flushReport -->
      </class> <!-- com.myecom.testcases.IndexPageTest -->
    </test> <!-- Default test -->
  </suite> <!-- Default suite -->
</testng-results>
